Acanthisittidae^38633
Accipitridae^56259
Aegothelidae^48275
Alaudidae^72205
Alcedinidae^8937
Alcidae^28683
Alligatoridae^1294636
Anatidae^8830
Anhimidae^8827
Anhingidae^9211
Anseranatidae^45650
Apodidae^8893
Apterygidae^8820
Aramidae^54354
Ardeidae^8899
Balaenicipitidae^33582
Brachypteraciidae^135163
Bucconidae^135166
Bucerotidae^57380
Burhinidae^85103
Caprimulgidae^48283
Cariamidae^54378
Casuariidae^8785
Cathartidae^8922
Charadriidae^8907
Ciconiidae^8926
Climacteridae^47693
Coliidae^57385
Columbidae^8930
Coraciidae^56290
Corvidae^28725
Cotingidae^9127
Cracidae^8982
Crocodylidae^8493
Cuculidae^8941
Diomedeidae^37067
Dromaiidae^8788
Emberizidae^62155
Eurylaimidae^81928
Eurypygidae^54381
Falconidae^8949
Fregatidae^30443
Fringillidae^9133
Furnariidae^9136
Galbulidae^118185
Gaviidae^30412
Glareolidae^43314
Grallariidae^81882
Gruidae^9109
Haematopodidae^37576
Heliornithidae^54367
Hemiprocnidae^46508
Hydrobatidae^85545
Indicatoridae^189527
Jacanidae^54504
Laridae^8910
Leptosomidae^188342
Maluridae^55805
Megapodiidae^8977
Melanopareiidae^30441
Menuridae^47690
Meropidae^57386
Mesitornithidae^54372
Momotidae^57387
Musophagidae^56302
Numididae^8990
Nyctibiidae^48423
Odontophoridae^224313
Opisthocomidae^30417
Otididae^54375
Pandionidae^56260
Paradisaeidae^9149
Paridae^9153
Pedionomidae^227190
Pelecanidae^30444
Pelecanoididae^37076
Phaethontidae^30445
Phalacrocoracidae^9206
Phasianidae^9005
Phoenicopteridae^9215
Phoeniculidae^113098
Picidae^9220
Pipridae^114313
Pittidae^9161
Podargidae^8903
Podicipedidae^30448
Procellariidae^30451
Psittacidae^9224
Psophiidae^54357
Pteroclididae^56295
Ptilonorhynchidae^9164
Pycnonotidae^36294
Rallidae^9119
Ramphastidae^57381
Recurvirostridae^425629
Regulidae^13244
Rheidae^8793
Rostratulidae^118791
Rynchopidae^227183
Sagittariidae^56256
Scolopacidae^8917
Scopidae^33579
Spheniscidae^9231
Steatornithidae^48433
Sternidae^555355
Strigidae^30459
Struthionidae^8799
Sulidae^30446
Sylviidae^36270
Thamnophilidae^81887
Threskiornithidae^33574
Tinamidae^8803
Todidae^57388
Trochilidae^9242
Trogonidae^56309
Turdidae^9183
Turnicidae^9246
Tyrannidae^28728
Tytonidae^30462
Upupidae^57390
